timestamp: 2014-03-03T09:20:44.496175
CREATE TABLE estado(
    id INT AUTO_INCREMENT NOT NULL,
    nome VARCHAR(512) NOT NULL,
    sgl VARCHAR(512) NOT NULL,
    original_id INT,
    PRIMARY KEY (id)
) ENGINE=InnoDB CHARACTER SET utf8;
success!
timestamp: 2014-03-03T09:20:44.624540
CREATE TABLE cidade(
    id INT AUTO_INCREMENT NOT NULL,
    nome VARCHAR(512) NOT NULL,
    estado_id INT, INDEX estado_id__idx (estado_id), FOREIGN KEY (estado_id) REFERENCES estado (id) ON DELETE CASCADE,
    original_id INT,
    PRIMARY KEY (id)
) ENGINE=InnoDB CHARACTER SET utf8;
success!
timestamp: 2014-03-03T09:20:44.805997
CREATE TABLE tema(
    id INT AUTO_INCREMENT NOT NULL,
    nome VARCHAR(512),
    descricao VARCHAR(512),
    ativo INT,
    original_id INT,
    PRIMARY KEY (id)
) ENGINE=InnoDB CHARACTER SET utf8;
success!
timestamp: 2014-03-03T09:20:44.930165
CREATE TABLE pessoa(
    id INT AUTO_INCREMENT NOT NULL,
    nome VARCHAR(512),
    cidade_id INT, INDEX cidade_id__idx (cidade_id), FOREIGN KEY (cidade_id) REFERENCES cidade (id) ON DELETE CASCADE,
    foto VARCHAR(512),
    slug VARCHAR(512),
    tema_id INT, INDEX tema_id__idx (tema_id), FOREIGN KEY (tema_id) REFERENCES tema (id) ON DELETE CASCADE,
    miniatura VARCHAR(512),
    original_id INT,
    PRIMARY KEY (id)
) ENGINE=InnoDB CHARACTER SET utf8;
success!
timestamp: 2014-03-03T09:20:45.492993
CREATE TABLE auth_user(
    id INT AUTO_INCREMENT NOT NULL,
    first_name VARCHAR(128),
    last_name VARCHAR(128),
    email VARCHAR(512),
    password VARCHAR(512),
    registration_key VARCHAR(512),
    reset_password_key VARCHAR(512),
    registration_id VARCHAR(512),
    original_id INT,
    username_ VARCHAR(512),
    date_joined DATETIME,
    django_password VARCHAR(512),
    PRIMARY KEY (id)
) ENGINE=InnoDB CHARACTER SET utf8;
success!
timestamp: 2014-03-03T09:20:45.712300
CREATE TABLE pessoa_fisica(
    id INT AUTO_INCREMENT NOT NULL,
    user_id INT, INDEX user_id__idx (user_id), FOREIGN KEY (user_id) REFERENCES auth_user (id) ON DELETE CASCADE,
    pessoa_id INT, INDEX pessoa_id__idx (pessoa_id), FOREIGN KEY (pessoa_id) REFERENCES pessoa (id) ON DELETE CASCADE,
    sobremim LONGTEXT,
    apelido VARCHAR(512),
    rede_social LONGTEXT,
    rg VARCHAR(512),
    cpf VARCHAR(512),
    sexo VARCHAR(512),
    data_nascimento DATE,
    ra VARCHAR(512),
    curso VARCHAR(512),
    cidade_estudo_id INT, INDEX cidade_estudo_id__idx (cidade_estudo_id), FOREIGN KEY (cidade_estudo_id) REFERENCES cidade (id) ON DELETE CASCADE,
    website VARCHAR(512),
    original_id INT,
    PRIMARY KEY (id)
) ENGINE=InnoDB CHARACTER SET utf8;
success!
timestamp: 2014-03-03T09:20:50.979605
CREATE TABLE control_migration(
    id INT AUTO_INCREMENT NOT NULL,
    artigo CHAR(1),
    atividade CHAR(1),
    atividade_groups CHAR(1),
    atividade_periodo CHAR(1),
    atividade_responsaveis CHAR(1),
    atividade_subatividades CHAR(1),
    autor CHAR(1),
    avaliacao CHAR(1),
    avaliador CHAR(1),
    certificado CHAR(1),
    certificado_problema CHAR(1),
    certificados_modelo CHAR(1),
    certificados_modelo_certificados CHAR(1),
    atividade_pagamento CHAR(1),
    atividade_boletos CHAR(1),
    etiqueta CHAR(1),
    grupo_inscricao CHAR(1),
    grupo_inscricao_inscritos CHAR(1),
    inscrito CHAR(1),
    lista_presenca CHAR(1),
    lista_presenca_pessoas CHAR(1),
    modelo_certificado CHAR(1),
    modelo_certificado_include_inscritos CHAR(1),
    pagina CHAR(1),
    tipo_etiqueta CHAR(1),
    versao CHAR(1),
    cidade CHAR(1),
    estado CHAR(1),
    pendedform CHAR(1),
    pendedvalue CHAR(1),
    convenio CHAR(1),
    boleto CHAR(1),
    assunto CHAR(1),
    automatizedpeoplegroup CHAR(1),
    automatizedpeoplegroup_filtros CHAR(1),
    pessoa_juridica CHAR(1),
    funcao CHAR(1),
    grupo CHAR(1),
    grupo_peoplegroups CHAR(1),
    integrante CHAR(1),
    juntarse_grupo CHAR(1),
    organizacao CHAR(1),
    pauta CHAR(1),
    post CHAR(1),
    queryfiltro CHAR(1),
    responsavel CHAR(1),
    responsavel_responsaveis CHAR(1),
    reuniao CHAR(1),
    reuniao_ausentes CHAR(1),
    reuniao_topicos CHAR(1),
    topico CHAR(1),
    topico_pautas CHAR(1),
    topico_responsaveis CHAR(1),
    divisao CHAR(1),
    lotacao CHAR(1),
    pessoa_contato CHAR(1),
    mensagem CHAR(1),
    mensagem_destinatarios CHAR(1),
    mensagem_readers CHAR(1),
    peoplegroup CHAR(1),
    peoplegroup_pessoas CHAR(1),
    pessoa CHAR(1),
    pessoa_fisica CHAR(1),
    acao CHAR(1),
    acao_grupo CHAR(1),
    acao_grupo_acoes CHAR(1),
    arquivo CHAR(1),
    desenvolvedor CHAR(1),
    mailmessage CHAR(1),
    portal CHAR(1),
    portal_desenvolvedores CHAR(1),
    sugestao CHAR(1),
    sugestao_desenvolvedores CHAR(1),
    auth_group CHAR(1),
    auth_user CHAR(1),
    original_id INT,
    PRIMARY KEY (id)
) ENGINE=InnoDB CHARACTER SET utf8;
success!
timestamp: 2014-03-03T09:32:51.311335
CREATE TABLE auth_group(
    id INT AUTO_INCREMENT NOT NULL,
    role VARCHAR(512),
    description LONGTEXT,
    original_id INT,
    PRIMARY KEY (id)
) ENGINE=InnoDB CHARACTER SET utf8;
success!
timestamp: 2014-03-03T10:58:42.850418
CREATE TABLE mensagem(
    id INT AUTO_INCREMENT NOT NULL,
    master INT, INDEX master__idx (master), FOREIGN KEY (master) REFERENCES mensagem (id) ON DELETE CASCADE,
    de INT, INDEX de__idx (de), FOREIGN KEY (de) REFERENCES pessoa (id) ON DELETE CASCADE,
    assunto VARCHAR(512),
    hora DATETIME,
    conteudo LONGTEXT,
    hash VARCHAR(64),
    original_id INT,
    PRIMARY KEY (id)
) ENGINE=InnoDB CHARACTER SET utf8;
success!
timestamp: 2014-03-03T11:01:54.586381
CREATE TABLE mensagem_destinatarios(
    id INT AUTO_INCREMENT NOT NULL,
    mensagem_id INT, INDEX mensagem_id__idx (mensagem_id), FOREIGN KEY (mensagem_id) REFERENCES mensagem (id) ON DELETE CASCADE,
    pessoa_id INT, INDEX pessoa_id__idx (pessoa_id), FOREIGN KEY (pessoa_id) REFERENCES pessoa (id) ON DELETE CASCADE,
    original_id INT,
    PRIMARY KEY (id)
) ENGINE=InnoDB CHARACTER SET utf8;
success!
timestamp: 2014-03-03T11:08:56.251814
CREATE TABLE mensagem_readers(
    id INT AUTO_INCREMENT NOT NULL,
    mensagem_id INT, INDEX mensagem_id__idx (mensagem_id), FOREIGN KEY (mensagem_id) REFERENCES mensagem (id) ON DELETE CASCADE,
    pessoa_id INT, INDEX pessoa_id__idx (pessoa_id), FOREIGN KEY (pessoa_id) REFERENCES pessoa (id) ON DELETE CASCADE,
    original_id INT,
    PRIMARY KEY (id)
) ENGINE=InnoDB CHARACTER SET utf8;
success!
timestamp: 2014-03-03T11:16:07.543254
CREATE TABLE pessoa_juridica(
    id INT AUTO_INCREMENT NOT NULL,
    pessoa_id INT, INDEX pessoa_id__idx (pessoa_id), FOREIGN KEY (pessoa_id) REFERENCES pessoa (id) ON DELETE CASCADE,
    cnpj VARCHAR(20),
    inscricao_estadual VARCHAR(20),
    inscricao_municipal VARCHAR(20),
    telefone VARCHAR(100),
    cep VARCHAR(9),
    endereco VARCHAR(200),
    complemento VARCHAR(200),
    sitio VARCHAR(200),
    original_id INT,
    PRIMARY KEY (id)
) ENGINE=InnoDB CHARACTER SET utf8;
success!
timestamp: 2014-03-03T11:16:08.473850
CREATE TABLE grupo(
    id INT AUTO_INCREMENT NOT NULL,
    nome VARCHAR(512),
    data_fundacao DATE,
    historico LONGTEXT,
    cidade_id INT, INDEX cidade_id__idx (cidade_id), FOREIGN KEY (cidade_id) REFERENCES cidade (id) ON DELETE CASCADE,
    curso VARCHAR(512),
    instituicao_id INT, INDEX instituicao_id__idx (instituicao_id), FOREIGN KEY (instituicao_id) REFERENCES pessoa_juridica (id) ON DELETE CASCADE,
    slug VARCHAR(512),
    foto VARCHAR(512),
    miniatura VARCHAR(512),
    ativo INT,
    configuracao_id INT,
    email VARCHAR(512),
    pessoa_id INT, INDEX pessoa_id__idx (pessoa_id), FOREIGN KEY (pessoa_id) REFERENCES pessoa (id) ON DELETE CASCADE,
    twitter VARCHAR(512),
    original_id INT,
    PRIMARY KEY (id)
) ENGINE=InnoDB CHARACTER SET utf8;
success!
timestamp: 2014-03-03T11:22:38.921432
CREATE TABLE arquivo(
    id INT AUTO_INCREMENT NOT NULL,
    nome VARCHAR(512),
    keyword LONGTEXT,
    tipo VARCHAR(512),
    data DATE,
    arquivo VARCHAR(512),
    comentario LONGTEXT,
    original_id INT,
    PRIMARY KEY (id)
) ENGINE=InnoDB CHARACTER SET utf8;
success!
timestamp: 2014-03-03T16:46:31.963575
CREATE TABLE integrante(
    id INT AUTO_INCREMENT NOT NULL,
    pessoa_id INT, INDEX pessoa_id__idx (pessoa_id), FOREIGN KEY (pessoa_id) REFERENCES pessoa (id) ON DELETE CASCADE,
    grupo_id INT, INDEX grupo_id__idx (grupo_id), FOREIGN KEY (grupo_id) REFERENCES grupo (id) ON DELETE CASCADE,
    tipo VARCHAR(512),
    nasc DATE,
    endereco VARCHAR(512),
    orkut VARCHAR(512),
    lattes VARCHAR(512),
    ing_Facu DATE,
    ing_Pet DATE,
    ing_Bolsa DATE,
    saida_Bolsa DATE,
    saida_Pet DATE,
    original_id INT,
    PRIMARY KEY (id)
) ENGINE=InnoDB CHARACTER SET utf8;
success!
timestamp: 2014-03-03T16:47:29.384973
CREATE TABLE atividade(
    id INT AUTO_INCREMENT NOT NULL,
    grupo_id INT, INDEX grupo_id__idx (grupo_id), FOREIGN KEY (grupo_id) REFERENCES grupo (id) ON DELETE CASCADE,
    nome VARCHAR(512),
    tipo VARCHAR(512),
    classificacao VARCHAR(512),
    obs VARCHAR(512),
    descricao LONGTEXT,
    foto VARCHAR(512),
    miniatura VARCHAR(512),
    certifica CHAR(1),
    frequencia_minima DOUBLE,
    certificados_impressos CHAR(1),
    mini_relatorio CHAR(1),
    requer_inscricao CHAR(1),
    instrucoes LONGTEXT,
    msgonerror LONGTEXT,
    tutorial LONGTEXT,
    tutorial_url VARCHAR(400),
    insc_mestra CHAR(1),
    insc_online CHAR(1),
    espera CHAR(1),
    permuta CHAR(1),
    inicio_inscricao DATE,
    termino_inscricao DATE,
    num_max INT,
    valor DOUBLE,
    confirmacao CHAR(1),
    inicio_confirmacao DATE,
    termino_confirmacao DATE,
    limitantes LONGTEXT,
    num_chamadas INT,
    divulgar CHAR(1),
    slug VARCHAR(512),
    original_id INT,
    PRIMARY KEY (id)
) ENGINE=InnoDB CHARACTER SET utf8;
success!
timestamp: 2014-03-03T16:47:29.711314
CREATE TABLE inscrito(
    id INT AUTO_INCREMENT NOT NULL,
    pessoa_id INT, INDEX pessoa_id__idx (pessoa_id), FOREIGN KEY (pessoa_id) REFERENCES pessoa (id) ON DELETE CASCADE,
    atividade_id INT, INDEX atividade_id__idx (atividade_id), FOREIGN KEY (atividade_id) REFERENCES atividade (id) ON DELETE CASCADE,
    data_insc DATETIME,
    confirmado CHAR(1),
    pago CHAR(1),
    certificado2 VARCHAR(512),
    valor_pago DOUBLE,
    barcode VARCHAR(512),
    code_verification VARCHAR(512),
    fake CHAR(1),
    finalizada CHAR(1),
    espera CHAR(1),
    original_id INT,
    PRIMARY KEY (id)
) ENGINE=InnoDB CHARACTER SET utf8;
success!
timestamp: 2014-03-03T16:47:32.434565
CREATE TABLE auth_membership(
    id INT AUTO_INCREMENT NOT NULL,
    user_id INT, INDEX user_id__idx (user_id), FOREIGN KEY (user_id) REFERENCES auth_user (id) ON DELETE CASCADE,
    group_id INT, INDEX group_id__idx (group_id), FOREIGN KEY (group_id) REFERENCES auth_group (id) ON DELETE CASCADE,
    original_id INT,
    PRIMARY KEY (id)
) ENGINE=InnoDB CHARACTER SET utf8;
success!
timestamp: 2014-03-03T16:47:32.696429
CREATE TABLE auth_permission(
    id INT AUTO_INCREMENT NOT NULL,
    group_id INT, INDEX group_id__idx (group_id), FOREIGN KEY (group_id) REFERENCES auth_group (id) ON DELETE CASCADE,
    name VARCHAR(512),
    table_name VARCHAR(512),
    record_id INT,
    original_id INT,
    PRIMARY KEY (id)
) ENGINE=InnoDB CHARACTER SET utf8;
success!
timestamp: 2014-03-03T16:47:33.187893
CREATE TABLE auth_event(
    id INT AUTO_INCREMENT NOT NULL,
    time_stamp DATETIME,
    client_ip VARCHAR(512),
    user_id INT, INDEX user_id__idx (user_id), FOREIGN KEY (user_id) REFERENCES auth_user (id) ON DELETE CASCADE,
    origin VARCHAR(512),
    description LONGTEXT,
    original_id INT,
    PRIMARY KEY (id)
) ENGINE=InnoDB CHARACTER SET utf8;
success!
timestamp: 2014-03-03T16:47:33.454102
CREATE TABLE auth_cas(
    id INT AUTO_INCREMENT NOT NULL,
    user_id INT, INDEX user_id__idx (user_id), FOREIGN KEY (user_id) REFERENCES auth_user (id) ON DELETE CASCADE,
    created_on DATETIME,
    service VARCHAR(512),
    ticket VARCHAR(512),
    renew CHAR(1),
    original_id INT,
    PRIMARY KEY (id)
) ENGINE=InnoDB CHARACTER SET utf8;
success!
timestamp: 2014-03-03T16:47:33.774570
CREATE TABLE pessoa_contato(
    id INT AUTO_INCREMENT NOT NULL,
    pessoa_id INT, INDEX pessoa_id__idx (pessoa_id), FOREIGN KEY (pessoa_id) REFERENCES pessoa_fisica (id) ON DELETE CASCADE,
    instituicao_id INT, INDEX instituicao_id__idx (instituicao_id), FOREIGN KEY (instituicao_id) REFERENCES pessoa_juridica (id) ON DELETE CASCADE,
    especialidades LONGTEXT,
    telefone VARCHAR(100),
    observacao LONGTEXT,
    original_id INT,
    PRIMARY KEY (id)
) ENGINE=InnoDB CHARACTER SET utf8;
success!
timestamp: 2014-03-03T16:47:34.389941
CREATE TABLE peoplegroup(
    id INT AUTO_INCREMENT NOT NULL,
    nome VARCHAR(512),
    original_id INT,
    PRIMARY KEY (id)
) ENGINE=InnoDB CHARACTER SET utf8;
success!
timestamp: 2014-03-03T16:47:34.579622
CREATE TABLE peoplegroup_pessoas(
    id INT AUTO_INCREMENT NOT NULL,
    peoplegroup_id INT,
    pessoa_id INT,
    original_id INT,
    PRIMARY KEY (id)
) ENGINE=InnoDB CHARACTER SET utf8;
success!
timestamp: 2014-03-03T16:47:34.775626
CREATE TABLE custompermission(
    id INT AUTO_INCREMENT NOT NULL,
    codename VARCHAR(512),
    content_type_id INT,
    object_id INT,
    creator_id INT,
    original_id INT,
    PRIMARY KEY (id)
) ENGINE=InnoDB CHARACTER SET utf8;
success!
timestamp: 2014-03-03T16:47:35.011879
CREATE TABLE custompermission_groups(
    id INT AUTO_INCREMENT NOT NULL,
    custompermission_id INT,
    grupousergroup_id INT,
    original_id INT,
    PRIMARY KEY (id)
) ENGINE=InnoDB CHARACTER SET utf8;
success!
timestamp: 2014-03-03T16:47:35.344698
CREATE TABLE custompermission_users(
    id INT AUTO_INCREMENT NOT NULL,
    custompermission_id INT,
    user_id INT,
    original_id INT,
    PRIMARY KEY (id)
) ENGINE=InnoDB CHARACTER SET utf8;
success!
timestamp: 2014-03-03T16:47:35.628231
CREATE TABLE grupousergroup(
    id INT AUTO_INCREMENT NOT NULL,
    group_ptr_id INT,
    nome VARCHAR(512),
    original_id INT,
    PRIMARY KEY (id)
) ENGINE=InnoDB CHARACTER SET utf8;
success!
timestamp: 2014-03-03T16:47:35.892573
CREATE TABLE pendedform(
    id INT AUTO_INCREMENT NOT NULL,
    table_name VARCHAR(512),
    hash VARCHAR(64),
    instance_id INT,
    original_id INT,
    PRIMARY KEY (id)
) ENGINE=InnoDB CHARACTER SET utf8;
success!
timestamp: 2014-03-03T16:47:36.124385
CREATE TABLE pendedvalue(
    id INT AUTO_INCREMENT NOT NULL,
    form_id INT, INDEX form_id__idx (form_id), FOREIGN KEY (form_id) REFERENCES pendedform (id) ON DELETE CASCADE,
    field_name VARCHAR(512),
    field_value LONGTEXT,
    original_id INT,
    PRIMARY KEY (id)
) ENGINE=InnoDB CHARACTER SET utf8;
success!
timestamp: 2014-03-03T16:47:36.383092
CREATE TABLE despesa(
    id INT AUTO_INCREMENT NOT NULL,
    descricao VARCHAR(512),
    natureza VARCHAR(512),
    valor DOUBLE,
    data DATE,
    original_id INT,
    PRIMARY KEY (id)
) ENGINE=InnoDB CHARACTER SET utf8;
success!
timestamp: 2014-03-03T16:47:36.662698
CREATE TABLE convenio(
    id INT AUTO_INCREMENT NOT NULL,
    table_name VARCHAR(512),
    object_id INT,
    agencia VARCHAR(15),
    conta VARCHAR(20),
    banco VARCHAR(2),
    cedente VARCHAR(512),
    convenio VARCHAR(512),
    carteira VARCHAR(512),
    original_id INT,
    PRIMARY KEY (id)
) ENGINE=InnoDB CHARACTER SET utf8;
success!
timestamp: 2014-03-03T16:47:36.958879
CREATE TABLE boleto(
    id INT AUTO_INCREMENT NOT NULL,
    convenio_id INT, INDEX convenio_id__idx (convenio_id), FOREIGN KEY (convenio_id) REFERENCES convenio (id) ON DELETE CASCADE,
    nosso_numero INT,
    numero_documento VARCHAR(512),
    pessoa_id INT, INDEX pessoa_id__idx (pessoa_id), FOREIGN KEY (pessoa_id) REFERENCES pessoa (id) ON DELETE CASCADE,
    valor DOUBLE,
    valor_pago DOUBLE,
    vencimento DATE,
    sinalizar_pago CHAR(1),
    trash CHAR(1),
    original_id INT,
    PRIMARY KEY (id)
) ENGINE=InnoDB CHARACTER SET utf8;
success!
timestamp: 2014-03-03T16:47:37.251378
CREATE TABLE boleto_objeto(
    id INT AUTO_INCREMENT NOT NULL,
    boleto_id INT, INDEX boleto_id__idx (boleto_id), FOREIGN KEY (boleto_id) REFERENCES boleto (id) ON DELETE CASCADE,
    table_name VARCHAR(512),
    object_id INT,
    original_id INT,
    PRIMARY KEY (id)
) ENGINE=InnoDB CHARACTER SET utf8;
success!
timestamp: 2014-03-03T16:47:37.573030
CREATE TABLE receita(
    id INT AUTO_INCREMENT NOT NULL,
    descricao VARCHAR(512),
    patrocinador_id INT,
    natureza VARCHAR(512),
    valor DOUBLE,
    data DATE,
    vinculo VARCHAR(512),
    original_id INT,
    PRIMARY KEY (id)
) ENGINE=InnoDB CHARACTER SET utf8;
success!
timestamp: 2014-03-03T16:47:38.079513
CREATE TABLE atividade_periodo(
    id INT AUTO_INCREMENT NOT NULL,
    atividade_id INT, INDEX atividade_id__idx (atividade_id), FOREIGN KEY (atividade_id) REFERENCES atividade (id) ON DELETE CASCADE,
    inicio DATETIME,
    termino DATETIME,
    original_id INT,
    PRIMARY KEY (id)
) ENGINE=InnoDB CHARACTER SET utf8;
success!
timestamp: 2014-03-03T16:47:38.347566
CREATE TABLE divisao(
    id INT AUTO_INCREMENT NOT NULL,
    grupo_id INT,
    nome VARCHAR(512),
    original_id INT,
    PRIMARY KEY (id)
) ENGINE=InnoDB CHARACTER SET utf8;
success!
timestamp: 2014-03-03T16:47:38.599117
CREATE TABLE lotacao(
    id INT AUTO_INCREMENT NOT NULL,
    divisao_id INT,
    organizacao_id INT,
    pessoa_id INT, INDEX pessoa_id__idx (pessoa_id), FOREIGN KEY (pessoa_id) REFERENCES pessoa (id) ON DELETE CASCADE,
    original_id INT,
    PRIMARY KEY (id)
) ENGINE=InnoDB CHARACTER SET utf8;
success!
timestamp: 2014-03-03T16:47:38.869105
CREATE TABLE organizacao(
    id INT AUTO_INCREMENT NOT NULL,
    content_type_id INT,
    object_id INT,
    descricao LONGTEXT,
    data_ini DATE,
    data_ter DATE,
    original_id INT,
    PRIMARY KEY (id)
) ENGINE=InnoDB CHARACTER SET utf8;
success!
timestamp: 2014-03-03T16:47:39.083860
CREATE TABLE acao(
    id INT AUTO_INCREMENT NOT NULL,
    table_name VARCHAR(512),
    object_id INT,
    estado VARCHAR(<gluon.validators.IS_IN_SET object at 0xabcb082c>),
    error CHAR(1),
    errorinfo LONGTEXT,
    original_id INT,
    PRIMARY KEY (id)
) ENGINE=InnoDB CHARACTER SET utf8;
timestamp: 2014-03-03T17:08:53.749952
CREATE TABLE acao(
    id INT AUTO_INCREMENT NOT NULL,
    table_name VARCHAR(512),
    object_id INT,
    estado VARCHAR(<gluon.validators.IS_IN_SET object at 0xae96d3cc>),
    error CHAR(1),
    errorinfo LONGTEXT,
    original_id INT,
    PRIMARY KEY (id)
) ENGINE=InnoDB CHARACTER SET utf8;
timestamp: 2014-03-03T17:10:01.841707
CREATE TABLE acao(
    id INT AUTO_INCREMENT NOT NULL,
    table_name VARCHAR(512),
    object_id INT,
    estado VARCHAR(<gluon.validators.IS_IN_SET object at 0x941e7ec>),
    error CHAR(1),
    errorinfo LONGTEXT,
    original_id INT,
    PRIMARY KEY (id)
) ENGINE=InnoDB CHARACTER SET utf8;
timestamp: 2014-03-03T17:18:12.439387
CREATE TABLE atividade_congresso(
    id INT AUTO_INCREMENT NOT NULL,
    atividade_id INT, INDEX atividade_id__idx (atividade_id), FOREIGN KEY (atividade_id) REFERENCES atividade (id) ON DELETE CASCADE,
    data_limite_submissao DATE,
    aceita_artigos CHAR(1),
    num_artigos INT,
    num_autores INT,
    dias_avaliacao INT,
    prazo_correcao INT,
    carta_aceite LONGTEXT,
    ficha_avaliacao VARCHAR(512),
    num_artigos_grupo INT,
    vincular_grupo CHAR(1),
    original_id INT,
    PRIMARY KEY (id)
) ENGINE=InnoDB CHARACTER SET utf8;
success!
timestamp: 2014-03-03T17:18:32.356093
CREATE TABLE delta_inscricao(
    id INT AUTO_INCREMENT NOT NULL,
    atividade_id INT, INDEX atividade_id__idx (atividade_id), FOREIGN KEY (atividade_id) REFERENCES atividade (id) ON DELETE CASCADE,
    data DATE,
    n_inscricao INT,
    original_id INT,
    PRIMARY KEY (id)
) ENGINE=InnoDB CHARACTER SET utf8;
success!
timestamp: 2014-03-03T17:43:42.360820
CREATE TABLE lista_presenca(
    id INT AUTO_INCREMENT NOT NULL,
    atividade_id INT, INDEX atividade_id__idx (atividade_id), FOREIGN KEY (atividade_id) REFERENCES atividade (id) ON DELETE CASCADE,
    n_lista INT,
    finalizada CHAR(1),
    original_id INT,
    PRIMARY KEY (id)
) ENGINE=InnoDB CHARACTER SET utf8;
success!
timestamp: 2014-03-03T17:43:51.080205
CREATE TABLE lista_presenca_pessoas(
    id INT AUTO_INCREMENT NOT NULL,
    lista_presenca_id INT, INDEX lista_presenca_id__idx (lista_presenca_id), FOREIGN KEY (lista_presenca_id) REFERENCES lista_presenca (id) ON DELETE CASCADE,
    pessoa_id INT, INDEX pessoa_id__idx (pessoa_id), FOREIGN KEY (pessoa_id) REFERENCES pessoa (id) ON DELETE CASCADE,
    original_id INT,
    PRIMARY KEY (id)
) ENGINE=InnoDB CHARACTER SET utf8;
success!
timestamp: 2014-03-03T18:17:49.909380
CREATE TABLE avaliador(
    id INT AUTO_INCREMENT NOT NULL,
    atividade_id INT, INDEX atividade_id__idx (atividade_id), FOREIGN KEY (atividade_id) REFERENCES atividade (id) ON DELETE CASCADE,
    pessoa_id INT, INDEX pessoa_id__idx (pessoa_id), FOREIGN KEY (pessoa_id) REFERENCES pessoa (id) ON DELETE CASCADE,
    areas_conhecimento LONGTEXT,
    original_id INT,
    PRIMARY KEY (id)
) ENGINE=InnoDB CHARACTER SET utf8;
success!
timestamp: 2014-03-03T18:17:54.031621
CREATE TABLE artigo(
    id INT AUTO_INCREMENT NOT NULL,
    dono_id INT, INDEX dono_id__idx (dono_id), FOREIGN KEY (dono_id) REFERENCES pessoa (id) ON DELETE CASCADE,
    grupo_id INT, INDEX grupo_id__idx (grupo_id), FOREIGN KEY (grupo_id) REFERENCES grupo (id) ON DELETE CASCADE,
    avaliador_id INT, INDEX avaliador_id__idx (avaliador_id), FOREIGN KEY (avaliador_id) REFERENCES avaliador (id) ON DELETE CASCADE,
    atividade_id INT, INDEX atividade_id__idx (atividade_id), FOREIGN KEY (atividade_id) REFERENCES atividade (id) ON DELETE CASCADE,
    area_conhecimento VARCHAR(512),
    original_id INT,
    PRIMARY KEY (id)
) ENGINE=InnoDB CHARACTER SET utf8;
success!
timestamp: 2014-03-03T18:19:01.359102
CREATE TABLE avaliacao(
    id INT AUTO_INCREMENT NOT NULL,
    comentarios LONGTEXT,
    parecer VARCHAR(512),
    data_avaliacao DATE,
    liberar CHAR(1),
    original_id INT,
    PRIMARY KEY (id)
) ENGINE=InnoDB CHARACTER SET utf8;
success!
timestamp: 2014-03-03T18:19:04.321933
CREATE TABLE versao(
    id INT AUTO_INCREMENT NOT NULL,
    titulo VARCHAR(512),
    arquivo VARCHAR(512),
    revisao INT,
    avaliacao_id INT, INDEX avaliacao_id__idx (avaliacao_id), FOREIGN KEY (avaliacao_id) REFERENCES avaliacao (id) ON DELETE CASCADE,
    data_envio DATE,
    artigo_id INT, INDEX artigo_id__idx (artigo_id), FOREIGN KEY (artigo_id) REFERENCES artigo (id) ON DELETE CASCADE,
    enviado CHAR(1),
    original_id INT,
    PRIMARY KEY (id)
) ENGINE=InnoDB CHARACTER SET utf8;
success!
timestamp: 2014-03-03T18:59:07.978423
CREATE TABLE autor(
    id INT AUTO_INCREMENT NOT NULL,
    versao_id INT, INDEX versao_id__idx (versao_id), FOREIGN KEY (versao_id) REFERENCES versao (id) ON DELETE CASCADE,
    ordem INT,
    pessoa_id INT, INDEX pessoa_id__idx (pessoa_id), FOREIGN KEY (pessoa_id) REFERENCES pessoa (id) ON DELETE CASCADE,
    nome VARCHAR(512),
    email VARCHAR(512),
    original_id INT,
    PRIMARY KEY (id)
) ENGINE=InnoDB CHARACTER SET utf8;
success!
timestamp: 2014-03-03T19:17:41.925934
CREATE TABLE atividade_subatividades(
    id INT AUTO_INCREMENT NOT NULL,
    mestra_id INT, INDEX mestra_id__idx (mestra_id), FOREIGN KEY (mestra_id) REFERENCES atividade (id) ON DELETE CASCADE,
    subatividade_id INT, INDEX subatividade_id__idx (subatividade_id), FOREIGN KEY (subatividade_id) REFERENCES atividade (id) ON DELETE CASCADE,
    original_id INT,
    PRIMARY KEY (id)
) ENGINE=InnoDB CHARACTER SET utf8;
success!
timestamp: 2014-03-03T19:17:46.951817
CREATE TABLE atividade_pagamento(
    id INT AUTO_INCREMENT NOT NULL,
    atividade_id INT, INDEX atividade_id__idx (atividade_id), FOREIGN KEY (atividade_id) REFERENCES atividade (id) ON DELETE CASCADE,
    forma_pagamento VARCHAR(2),
    convenio_id INT, INDEX convenio_id__idx (convenio_id), FOREIGN KEY (convenio_id) REFERENCES convenio (id) ON DELETE CASCADE,
    data_vencimento DATE,
    instrucoes LONGTEXT,
    gerar_boleto_por_grupo CHAR(1),
    original_id INT,
    PRIMARY KEY (id)
) ENGINE=InnoDB CHARACTER SET utf8;
success!
timestamp: 2014-03-03T19:18:28.976974
CREATE TABLE atividade_boletos(
    id INT AUTO_INCREMENT NOT NULL,
    atividade_id INT, INDEX atividade_id__idx (atividade_id), FOREIGN KEY (atividade_id) REFERENCES atividade (id) ON DELETE CASCADE,
    boleto_id INT, INDEX boleto_id__idx (boleto_id), FOREIGN KEY (boleto_id) REFERENCES boleto (id) ON DELETE CASCADE,
    original_id INT,
    PRIMARY KEY (id)
) ENGINE=InnoDB CHARACTER SET utf8;
success!
timestamp: 2014-03-03T19:18:39.649198
CREATE TABLE atividade_groups(
    id INT AUTO_INCREMENT NOT NULL,
    atividade_id INT, INDEX atividade_id__idx (atividade_id), FOREIGN KEY (atividade_id) REFERENCES atividade (id) ON DELETE CASCADE,
    group_id INT, INDEX group_id__idx (group_id), FOREIGN KEY (group_id) REFERENCES auth_group (id) ON DELETE CASCADE,
    original_id INT,
    PRIMARY KEY (id)
) ENGINE=InnoDB CHARACTER SET utf8;
success!
timestamp: 2014-03-03T20:48:36.843277
CREATE TABLE mailmessage(
    id INT AUTO_INCREMENT NOT NULL,
    subject VARCHAR(512),
    message LONGTEXT,
    mail_to VARCHAR(512),
    reply_to VARCHAR(512),
    attachments LONGTEXT,
    sended CHAR(1),
    data_pedido DATE,
    data_envio DATE,
    original_id INT,
    PRIMARY KEY (id)
) ENGINE=InnoDB CHARACTER SET utf8;
success!
timestamp: 2014-03-03T20:58:04.056035
CREATE TABLE certificado(
    id INT AUTO_INCREMENT NOT NULL,
    table_name VARCHAR(512),
    object_id INT,
    modelo_id INT, INDEX modelo_id__idx (modelo_id), FOREIGN KEY (modelo_id) REFERENCES modelo (id) ON DELETE CASCADE,
    email_id INT, INDEX email_id__idx (email_id), FOREIGN KEY (email_id) REFERENCES mailmessage (id) ON DELETE CASCADE,
    certificado VARCHAR(512),
    num_pages INT,
    liberado CHAR(1),
    processado_em DATETIME,
    trash CHAR(1),
    original_id INT,
    PRIMARY KEY(id)
) ENGINE=InnoDB CHARACTER SET utf8;
timestamp: 2014-03-03T21:05:21.152396
CREATE TABLE acao(
    id INT AUTO_INCREMENT NOT NULL,
    table_name VARCHAR(512),
    object_id INT,
    estado VARCHAR(<gluon.validators.IS_IN_SET object at 0xad43ccac>),
    error CHAR(1),
    errorinfo LONGTEXT,
    original_id INT,
    PRIMARY KEY(id)
) ENGINE=InnoDB CHARACTER SET utf8;
timestamp: 2014-03-03T21:05:57.576736
CREATE TABLE acao(
    id INT AUTO_INCREMENT NOT NULL,
    table_name VARCHAR(512),
    object_id INT,
    estado VARCHAR(<gluon.validators.IS_IN_SET object at 0xad10f86c>),
    error CHAR(1),
    errorinfo LONGTEXT,
    original_id INT,
    PRIMARY KEY(id)
) ENGINE=InnoDB CHARACTER SET utf8;
timestamp: 2014-03-03T21:06:07.921398
CREATE TABLE acao(
    id INT AUTO_INCREMENT NOT NULL,
    table_name VARCHAR(512),
    object_id INT,
    estado VARCHAR(<gluon.validators.IS_IN_SET object at 0xace395ec>),
    error CHAR(1),
    errorinfo LONGTEXT,
    original_id INT,
    PRIMARY KEY(id)
) ENGINE=InnoDB CHARACTER SET utf8;
timestamp: 2014-03-03T21:08:53.677144
CREATE TABLE acao(
    id INT AUTO_INCREMENT NOT NULL,
    table_name VARCHAR(512),
    object_id INT,
    estado VARCHAR(<gluon.validators.IS_IN_SET object at 0xacc914cc>),
    error CHAR(1),
    errorinfo LONGTEXT,
    original_id INT,
    PRIMARY KEY(id)
) ENGINE=InnoDB CHARACTER SET utf8;
timestamp: 2014-03-03T21:09:46.405872
CREATE TABLE acao(
    id INT AUTO_INCREMENT NOT NULL,
    table_name VARCHAR(512),
    object_id INT,
    estado VARCHAR(512),
    error CHAR(1),
    errorinfo LONGTEXT,
    original_id INT,
    PRIMARY KEY(id)
) ENGINE=InnoDB CHARACTER SET utf8;
success!
timestamp: 2014-03-03T21:09:46.625374
CREATE TABLE acao_grupo(
    id INT AUTO_INCREMENT NOT NULL,
    titulo VARCHAR(512),
    data_solicitacao DATETIME,
    data_processamento DATETIME,
    showed DATETIME,
    estado VARCHAR(<gluon.validators.IS_IN_SET object at 0xacc4814c>),
    comentario LONGTEXT,
    user_id INT, INDEX user_id__idx (user_id), FOREIGN KEY (user_id) REFERENCES auth_user (id) ON DELETE CASCADE,
    original_id INT,
    PRIMARY KEY(id)
) ENGINE=InnoDB CHARACTER SET utf8;
timestamp: 2014-03-03T21:10:06.740439
CREATE TABLE acao_grupo(
    id INT AUTO_INCREMENT NOT NULL,
    titulo VARCHAR(512),
    data_solicitacao DATETIME,
    data_processamento DATETIME,
    showed DATETIME,
    estado VARCHAR(512),
    comentario LONGTEXT,
    user_id INT, INDEX user_id__idx (user_id), FOREIGN KEY (user_id) REFERENCES auth_user (id) ON DELETE CASCADE,
    original_id INT,
    PRIMARY KEY(id)
) ENGINE=InnoDB CHARACTER SET utf8;
success!
timestamp: 2014-03-03T21:10:06.914856
CREATE TABLE acao_grupo_acoes(
    id INT AUTO_INCREMENT NOT NULL,
    acao_grupo_id INT,
    acao_id INT,
    original_id INT,
    PRIMARY KEY(id)
) ENGINE=InnoDB CHARACTER SET utf8;
success!
timestamp: 2014-03-03T21:10:07.058935
CREATE TABLE arquivotemporario(
    id INT AUTO_INCREMENT NOT NULL,
    arquivo VARCHAR(512),
    original_id INT,
    PRIMARY KEY(id)
) ENGINE=InnoDB CHARACTER SET utf8;
success!
timestamp: 2014-03-03T21:10:07.189802
CREATE TABLE desenvolvedor(
    id INT AUTO_INCREMENT NOT NULL,
    pessoa_id INT, INDEX pessoa_id__idx (pessoa_id), FOREIGN KEY (pessoa_id) REFERENCES pessoa (id) ON DELETE CASCADE,
    func VARCHAR(512),
    inicio DATE,
    ativo INT,
    original_id INT,
    PRIMARY KEY(id)
) ENGINE=InnoDB CHARACTER SET utf8;
success!
timestamp: 2014-03-03T21:10:07.329378
CREATE TABLE portal(
    id INT AUTO_INCREMENT NOT NULL,
    tema_id INT,
    original_id INT,
    PRIMARY KEY(id)
) ENGINE=InnoDB CHARACTER SET utf8;
success!
timestamp: 2014-03-03T21:10:07.442503
CREATE TABLE portal_desenvolvedores(
    id INT AUTO_INCREMENT NOT NULL,
    portal_id INT,
    desenvolvedor_id INT,
    original_id INT,
    PRIMARY KEY(id)
) ENGINE=InnoDB CHARACTER SET utf8;
success!
timestamp: 2014-03-03T21:10:07.569689
CREATE TABLE sugestao(
    id INT AUTO_INCREMENT NOT NULL,
    pessoa_id INT, INDEX pessoa_id__idx (pessoa_id), FOREIGN KEY (pessoa_id) REFERENCES pessoa (id) ON DELETE CASCADE,
    pagina VARCHAR(512),
    descricao LONGTEXT,
    prioridade INT,
    status INT,
    resumo VARCHAR(512),
    original_id INT,
    PRIMARY KEY(id)
) ENGINE=InnoDB CHARACTER SET utf8;
success!
timestamp: 2014-03-03T21:10:07.679583
CREATE TABLE sugestao_desenvolvedores(
    id INT AUTO_INCREMENT NOT NULL,
    sugestao_id INT,
    desenvolvedor_id INT,
    original_id INT,
    PRIMARY KEY(id)
) ENGINE=InnoDB CHARACTER SET utf8;
success!
timestamp: 2014-03-03T21:10:07.797764
CREATE TABLE admin_tools_dashboard_preferences(
    id INT AUTO_INCREMENT NOT NULL,
    user_id INT,
    data LONGTEXT,
    dashboard_id VARCHAR(512),
    original_id INT,
    PRIMARY KEY(id)
) ENGINE=InnoDB CHARACTER SET utf8;
success!
timestamp: 2014-03-03T21:10:07.914301
CREATE TABLE django_flatpage(
    id INT AUTO_INCREMENT NOT NULL,
    url VARCHAR(512),
    title VARCHAR(512),
    content LONGTEXT,
    enable_comments INT,
    template_name VARCHAR(512),
    registration_required INT,
    original_id INT,
    PRIMARY KEY(id)
) ENGINE=InnoDB CHARACTER SET utf8;
success!
timestamp: 2014-03-03T21:10:08.026725
CREATE TABLE facebookprofile(
    id INT AUTO_INCREMENT NOT NULL,
    user_id INT,
    facebook_id INT,
    access_token VARCHAR(512),
    original_id INT,
    PRIMARY KEY(id)
) ENGINE=InnoDB CHARACTER SET utf8;
success!
timestamp: 2014-03-03T21:10:25.182568
CREATE TABLE certificado(
    id INT AUTO_INCREMENT NOT NULL,
    table_name VARCHAR(512),
    object_id INT,
    modelo_id INT, INDEX modelo_id__idx (modelo_id), FOREIGN KEY (modelo_id) REFERENCES modelo (id) ON DELETE CASCADE,
    email_id INT, INDEX email_id__idx (email_id), FOREIGN KEY (email_id) REFERENCES mailmessage (id) ON DELETE CASCADE,
    certificado VARCHAR(512),
    num_pages INT,
    liberado CHAR(1),
    processado_em DATETIME,
    trash CHAR(1),
    original_id INT,
    PRIMARY KEY(id)
) ENGINE=InnoDB CHARACTER SET utf8;
timestamp: 2014-03-03T21:13:45.577746
CREATE TABLE modelo_certificado(
    id INT AUTO_INCREMENT NOT NULL,
    nome VARCHAR(512),
    atividade_id INT,
    lista VARCHAR(512),
    certificados VARCHAR(512),
    processamento DATETIME,
    last_update DATETIME,
    original_id INT,
    PRIMARY KEY(id)
) ENGINE=InnoDB CHARACTER SET utf8;
success!
timestamp: 2014-03-03T21:13:45.684630
CREATE TABLE certificado(
    id INT AUTO_INCREMENT NOT NULL,
    table_name VARCHAR(512),
    object_id INT,
    modelo_id INT, INDEX modelo_id__idx (modelo_id), FOREIGN KEY (modelo_id) REFERENCES modelo_certificado (id) ON DELETE CASCADE,
    email_id INT, INDEX email_id__idx (email_id), FOREIGN KEY (email_id) REFERENCES mailmessage (id) ON DELETE CASCADE,
    certificado VARCHAR(512),
    num_pages INT,
    liberado CHAR(1),
    processado_em DATETIME,
    trash CHAR(1),
    original_id INT,
    PRIMARY KEY(id)
) ENGINE=InnoDB CHARACTER SET utf8;
success!
timestamp: 2014-03-04T07:33:14.193225
CREATE TABLE atividade_autores(
    id INT AUTO_INCREMENT NOT NULL,
    atividade_id INT, INDEX atividade_id__idx (atividade_id), FOREIGN KEY (atividade_id) REFERENCES atividade (id) ON DELETE CASCADE,
    grupousergroup_id INT,
    original_id INT,
    PRIMARY KEY (id)
) ENGINE=InnoDB CHARACTER SET utf8;
success!
timestamp: 2014-03-04T07:33:14.457843
CREATE TABLE atividade_responsaveis(
    id INT AUTO_INCREMENT NOT NULL,
    atividade_id INT,
    responsavel_id INT,
    original_id INT,
    PRIMARY KEY (id)
) ENGINE=InnoDB CHARACTER SET utf8;
success!
timestamp: 2014-03-04T07:33:14.674415
CREATE TABLE certificado_problema(
    id INT AUTO_INCREMENT NOT NULL,
    certificado_id INT,
    descricao LONGTEXT,
    data DATETIME,
    corrigido INT,
    resolvido INT,
    original_id INT,
    PRIMARY KEY (id)
) ENGINE=InnoDB CHARACTER SET utf8;
success!
timestamp: 2014-03-04T07:33:14.810567
CREATE TABLE certificados_modelo(
    id INT AUTO_INCREMENT NOT NULL,
    modelo_certificado_id INT,
    original_id INT,
    PRIMARY KEY (id)
) ENGINE=InnoDB CHARACTER SET utf8;
success!
timestamp: 2014-03-04T07:33:14.979805
CREATE TABLE certificados_modelo_certificados(
    id INT AUTO_INCREMENT NOT NULL,
    certificados_modelo_id INT,
    certificado_id INT,
    original_id INT,
    PRIMARY KEY (id)
) ENGINE=InnoDB CHARACTER SET utf8;
success!
timestamp: 2014-03-04T07:33:15.146533
CREATE TABLE etiqueta(
    id INT AUTO_INCREMENT NOT NULL,
    nome VARCHAR(512),
    tipo_etiqueta_id INT,
    atividade_id INT,
    lista VARCHAR(512),
    texto LONGTEXT,
    original_id INT,
    PRIMARY KEY (id)
) ENGINE=InnoDB CHARACTER SET utf8;
success!
timestamp: 2014-03-04T07:33:15.346340
CREATE TABLE grupo_inscricao(
    id INT AUTO_INCREMENT NOT NULL,
    grupo_id INT,
    atividade_id INT,
    finalizada INT,
    valor_pago DOUBLE,
    original_id INT,
    PRIMARY KEY (id)
) ENGINE=InnoDB CHARACTER SET utf8;
success!
timestamp: 2014-03-04T07:33:15.522777
CREATE TABLE grupo_inscricao_inscritos(
    id INT AUTO_INCREMENT NOT NULL,
    grupo_inscricao_id INT,
    inscrito_id INT,
    original_id INT,
    PRIMARY KEY (id)
) ENGINE=InnoDB CHARACTER SET utf8;
success!
timestamp: 2014-03-04T07:33:15.698949
CREATE TABLE modelo_certificado_emails(
    id INT AUTO_INCREMENT NOT NULL,
    modelo_certificado_id INT,
    mailmessage_id INT,
    original_id INT,
    PRIMARY KEY (id)
) ENGINE=InnoDB CHARACTER SET utf8;
success!
timestamp: 2014-03-04T07:33:15.811835
CREATE TABLE modelo_certificado_include_inscritos(
    id INT AUTO_INCREMENT NOT NULL,
    inscrito_id INT,
    modelo_certificado_id INT,
    original_id INT,
    PRIMARY KEY (id)
) ENGINE=InnoDB CHARACTER SET utf8;
success!
timestamp: 2014-03-04T07:33:15.931121
CREATE TABLE pagina(
    id INT AUTO_INCREMENT NOT NULL,
    numero INT,
    background VARCHAR(512),
    background_min VARCHAR(512),
    background_thumb VARCHAR(512),
    orientacao VARCHAR(512),
    texto LONGTEXT,
    localdata VARCHAR(512),
    margens VARCHAR(512),
    modelo_certificado_id INT,
    tx_reducao DOUBLE,
    tamanho VARCHAR(512),
    original_id INT,
    PRIMARY KEY (id)
) ENGINE=InnoDB CHARACTER SET utf8;
success!
timestamp: 2014-03-04T07:33:16.033850
CREATE TABLE tipo_etiqueta(
    id INT AUTO_INCREMENT NOT NULL,
    nome VARCHAR(512),
    largura DOUBLE,
    altura DOUBLE,
    pagina VARCHAR(512),
    orientacao VARCHAR(512),
    margem_superior DOUBLE,
    margem_direita DOUBLE,
    margem_inferior DOUBLE,
    margem_esquerda DOUBLE,
    h DOUBLE,
    d DOUBLE,
    original_id INT,
    PRIMARY KEY (id)
) ENGINE=InnoDB CHARACTER SET utf8;
success!
timestamp: 2014-03-04T07:33:16.366576
CREATE TABLE arquivo_grupo(
    id INT AUTO_INCREMENT NOT NULL,
    grupo_id INT, INDEX grupo_id__idx (grupo_id), FOREIGN KEY (grupo_id) REFERENCES grupo (id) ON DELETE CASCADE,
    arquivo_id INT, INDEX arquivo_id__idx (arquivo_id), FOREIGN KEY (arquivo_id) REFERENCES arquivo (id) ON DELETE CASCADE,
    original_id INT,
    PRIMARY KEY (id)
) ENGINE=InnoDB CHARACTER SET utf8;
success!
timestamp: 2014-03-04T07:33:16.526498
CREATE TABLE assunto(
    id INT AUTO_INCREMENT NOT NULL,
    table_name VARCHAR(512),
    object_id INT,
    assunto VARCHAR(512),
    grupo_id INT, INDEX grupo_id__idx (grupo_id), FOREIGN KEY (grupo_id) REFERENCES grupo (id) ON DELETE CASCADE,
    original_id INT,
    PRIMARY KEY (id)
) ENGINE=InnoDB CHARACTER SET utf8;
success!
timestamp: 2014-03-04T07:33:16.636338
CREATE TABLE automatizedpeoplegroup(
    id INT AUTO_INCREMENT NOT NULL,
    grupo_id INT,
    peoplegroup_id INT,
    original_id INT,
    PRIMARY KEY (id)
) ENGINE=InnoDB CHARACTER SET utf8;
success!
timestamp: 2014-03-04T07:33:16.757327
CREATE TABLE automatizedpeoplegroup_filtros(
    id INT AUTO_INCREMENT NOT NULL,
    automatizedpeoplegroup_id INT,
    queryfiltro_id INT,
    original_id INT,
    PRIMARY KEY (id)
) ENGINE=InnoDB CHARACTER SET utf8;
success!
timestamp: 2014-03-04T07:33:16.901787
CREATE TABLE funcao(
    id INT AUTO_INCREMENT NOT NULL,
    grupo_id INT,
    funcao VARCHAR(512),
    original_id INT,
    PRIMARY KEY (id)
) ENGINE=InnoDB CHARACTER SET utf8;
success!
timestamp: 2014-03-04T07:33:17.012302
CREATE TABLE grupo_peoplegroups(
    id INT AUTO_INCREMENT NOT NULL,
    grupo_id INT,
    grupousergroup_id INT,
    original_id INT,
    PRIMARY KEY (id)
) ENGINE=InnoDB CHARACTER SET utf8;
success!
timestamp: 2014-03-04T07:33:17.128823
CREATE TABLE juntarse_grupo(
    id INT AUTO_INCREMENT NOT NULL,
    grupo_id INT, INDEX grupo_id__idx (grupo_id), FOREIGN KEY (grupo_id) REFERENCES grupo (id) ON DELETE CASCADE,
    pessoa_id INT, INDEX pessoa_id__idx (pessoa_id), FOREIGN KEY (pessoa_id) REFERENCES pessoa (id) ON DELETE CASCADE,
    form_id INT, INDEX form_id__idx (form_id), FOREIGN KEY (form_id) REFERENCES pendedform (id) ON DELETE CASCADE,
    rejeitada CHAR(1),
    original_id INT,
    PRIMARY KEY (id)
) ENGINE=InnoDB CHARACTER SET utf8;
success!
timestamp: 2014-03-04T07:33:17.335971
CREATE TABLE queryfiltro(
    id INT AUTO_INCREMENT NOT NULL,
    nome VARCHAR(512),
    field VARCHAR(512),
    value VARCHAR(512),
    original_id INT,
    PRIMARY KEY (id)
) ENGINE=InnoDB CHARACTER SET utf8;
success!
timestamp: 2014-03-04T07:33:17.458442
CREATE TABLE responsavel(
    id INT AUTO_INCREMENT NOT NULL,
    funcao_id INT,
    descricao LONGTEXT,
    original_id INT,
    PRIMARY KEY (id)
) ENGINE=InnoDB CHARACTER SET utf8;
success!
timestamp: 2014-03-04T07:33:17.590931
CREATE TABLE responsavel_responsaveis(
    id INT AUTO_INCREMENT NOT NULL,
    responsavel_id INT,
    pessoa_id INT,
    original_id INT,
    PRIMARY KEY (id)
) ENGINE=InnoDB CHARACTER SET utf8;
success!
timestamp: 2014-03-04T07:33:17.704450
CREATE TABLE pauta(
    id INT AUTO_INCREMENT NOT NULL,
    nome VARCHAR(512),
    grupo_id INT, INDEX grupo_id__idx (grupo_id), FOREIGN KEY (grupo_id) REFERENCES grupo (id) ON DELETE CASCADE,
    original_id INT,
    PRIMARY KEY (id)
) ENGINE=InnoDB CHARACTER SET utf8;
success!
timestamp: 2014-03-04T07:33:17.838456
CREATE TABLE topico(
    id INT AUTO_INCREMENT NOT NULL,
    assunto_id INT, INDEX assunto_id__idx (assunto_id), FOREIGN KEY (assunto_id) REFERENCES assunto (id) ON DELETE CASCADE,
    texto LONGTEXT,
    comentario LONGTEXT,
    grupo_id INT, INDEX grupo_id__idx (grupo_id), FOREIGN KEY (grupo_id) REFERENCES grupo (id) ON DELETE CASCADE,
    data DATE,
    limite DATE,
    data_acao DATE,
    closed CHAR(1),
    encerrado CHAR(1),
    original_id INT,
    PRIMARY KEY (id)
) ENGINE=InnoDB CHARACTER SET utf8;
success!
timestamp: 2014-03-04T07:33:17.989404
CREATE TABLE post(
    id INT AUTO_INCREMENT NOT NULL,
    topico_id INT, INDEX topico_id__idx (topico_id), FOREIGN KEY (topico_id) REFERENCES topico (id) ON DELETE CASCADE,
    autor_id INT, INDEX autor_id__idx (autor_id), FOREIGN KEY (autor_id) REFERENCES pessoa (id) ON DELETE CASCADE,
    data DATE,
    texto LONGTEXT,
    closed CHAR(1),
    original_id INT,
    PRIMARY KEY (id)
) ENGINE=InnoDB CHARACTER SET utf8;
success!
timestamp: 2014-03-04T07:33:18.170221
CREATE TABLE reuniao(
    id INT AUTO_INCREMENT NOT NULL,
    grupo_id INT, INDEX grupo_id__idx (grupo_id), FOREIGN KEY (grupo_id) REFERENCES grupo (id) ON DELETE CASCADE,
    inicio DATETIME,
    termino DATETIME,
    pauta_id INT, INDEX pauta_id__idx (pauta_id), FOREIGN KEY (pauta_id) REFERENCES pauta (id) ON DELETE CASCADE,
    secretario_id INT, INDEX secretario_id__idx (secretario_id), FOREIGN KEY (secretario_id) REFERENCES pessoa (id) ON DELETE CASCADE,
    arquivo_id INT, INDEX arquivo_id__idx (arquivo_id), FOREIGN KEY (arquivo_id) REFERENCES arquivo (id) ON DELETE CASCADE,
    updated DATETIME,
    hash VARCHAR(64),
    original_id INT,
    PRIMARY KEY (id)
) ENGINE=InnoDB CHARACTER SET utf8;
success!
timestamp: 2014-03-04T07:33:18.430550
CREATE TABLE reuniao_ausentes(
    id INT AUTO_INCREMENT NOT NULL,
    reuniao_id INT, INDEX reuniao_id__idx (reuniao_id), FOREIGN KEY (reuniao_id) REFERENCES reuniao (id) ON DELETE CASCADE,
    pessoa_id INT, INDEX pessoa_id__idx (pessoa_id), FOREIGN KEY (pessoa_id) REFERENCES pessoa (id) ON DELETE CASCADE,
    original_id INT,
    PRIMARY KEY (id)
) ENGINE=InnoDB CHARACTER SET utf8;
success!
timestamp: 2014-03-04T07:33:18.584247
CREATE TABLE reuniao_topicos(
    id INT AUTO_INCREMENT NOT NULL,
    reuniao_id INT, INDEX reuniao_id__idx (reuniao_id), FOREIGN KEY (reuniao_id) REFERENCES reuniao (id) ON DELETE CASCADE,
    topico_id INT, INDEX topico_id__idx (topico_id), FOREIGN KEY (topico_id) REFERENCES topico (id) ON DELETE CASCADE,
    original_id INT,
    PRIMARY KEY (id)
) ENGINE=InnoDB CHARACTER SET utf8;
success!
timestamp: 2014-03-04T07:33:18.743793
CREATE TABLE topico_pautas(
    id INT AUTO_INCREMENT NOT NULL,
    topico_id INT, INDEX topico_id__idx (topico_id), FOREIGN KEY (topico_id) REFERENCES topico (id) ON DELETE CASCADE,
    pauta_id INT, INDEX pauta_id__idx (pauta_id), FOREIGN KEY (pauta_id) REFERENCES pauta (id) ON DELETE CASCADE,
    original_id INT,
    PRIMARY KEY (id)
) ENGINE=InnoDB CHARACTER SET utf8;
success!
timestamp: 2014-03-04T07:33:18.907946
CREATE TABLE topico_responsaveis(
    id INT AUTO_INCREMENT NOT NULL,
    topico_id INT, INDEX topico_id__idx (topico_id), FOREIGN KEY (topico_id) REFERENCES topico (id) ON DELETE CASCADE,
    pessoa_id INT, INDEX pessoa_id__idx (pessoa_id), FOREIGN KEY (pessoa_id) REFERENCES pessoa (id) ON DELETE CASCADE,
    original_id INT,
    PRIMARY KEY (id)
) ENGINE=InnoDB CHARACTER SET utf8;
success!
